This is pdfTeX, Version 3.141592653-2.6-1.40.24 (TeX Live 2022) (preloaded format=pdflatex 2022.10.4)  12 DEC 2022 03:40
entering extended mode
 restricted \write18 enabled.
 %&-line parsing enabled.
**main_kor.tex
(./main_kor.tex
LaTeX2e <2022-06-01> patch level 5
L3 programming layer <2022-09-28>
(c:/texlive/2022/texmf-dist/tex/latex/base/report.cls
Document Class: report 2021/10/04 v1.4n Standard LaTeX document class
(c:/texlive/2022/texmf-dist/tex/latex/base/size11.clo
File: size11.clo 2021/10/04 v1.4n Standard LaTeX file (size option)
)
\c@part=\count185
\c@chapter=\count186
\c@section=\count187
\c@subsection=\count188
\c@subsubsection=\count189
\c@paragraph=\count190
\c@subparagraph=\count191
\c@figure=\count192
\c@table=\count193
\abovecaptionskip=\skip47
\belowcaptionskip=\skip48
\bibindent=\dimen138
)
(c:/texlive/2022/texmf-dist/tex/latex/amscls/amsthm.sty
Package: amsthm 2020/05/29 v2.20.6
\thm@style=\toks16
\thm@bodyfont=\toks17
\thm@headfont=\toks18
\thm@notefont=\toks19
\thm@headpunct=\toks20
\thm@preskip=\skip49
\thm@postskip=\skip50
\thm@headsep=\skip51
\dth@everypar=\toks21
)
(c:/texlive/2022/texmf-dist/tex/latex/amsmath/amsmath.sty
Package: amsmath 2022/04/08 v2.17n AMS math features
\@mathmargin=\skip52

For additional information on amsmath, use the `?' option.
(c:/texlive/2022/texmf-dist/tex/latex/amsmath/amstext.sty
Package: amstext 2021/08/26 v2.01 AMS text

(c:/texlive/2022/texmf-dist/tex/latex/amsmath/amsgen.sty
File: amsgen.sty 1999/11/30 v2.0 generic functions
\@emptytoks=\toks22
\ex@=\dimen139
))
(c:/texlive/2022/texmf-dist/tex/latex/amsmath/amsbsy.sty
Package: amsbsy 1999/11/29 v1.2d Bold Symbols
\pmbraise@=\dimen140
)
(c:/texlive/2022/texmf-dist/tex/latex/amsmath/amsopn.sty
Package: amsopn 2022/04/08 v2.04 operator names
)
\inf@bad=\count194
LaTeX Info: Redefining \frac on input line 234.
\uproot@=\count195
\leftroot@=\count196
LaTeX Info: Redefining \overline on input line 399.
LaTeX Info: Redefining \colon on input line 410.
\classnum@=\count197
\DOTSCASE@=\count198
LaTeX Info: Redefining \ldots on input line 496.
LaTeX Info: Redefining \dots on input line 499.
LaTeX Info: Redefining \cdots on input line 620.
\Mathstrutbox@=\box51
\strutbox@=\box52
LaTeX Info: Redefining \big on input line 722.
LaTeX Info: Redefining \Big on input line 723.
LaTeX Info: Redefining \bigg on input line 724.
LaTeX Info: Redefining \Bigg on input line 725.
\big@size=\dimen141
LaTeX Font Info:    Redeclaring font encoding OML on input line 743.
LaTeX Font Info:    Redeclaring font encoding OMS on input line 744.
\macc@depth=\count199
LaTeX Info: Redefining \bmod on input line 905.
LaTeX Info: Redefining \pmod on input line 910.
LaTeX Info: Redefining \smash on input line 940.
LaTeX Info: Redefining \relbar on input line 970.
LaTeX Info: Redefining \Relbar on input line 971.
\c@MaxMatrixCols=\count266
\dotsspace@=\muskip16
\c@parentequation=\count267
\dspbrk@lvl=\count268
\tag@help=\toks23
\row@=\count269
\column@=\count270
\maxfields@=\count271
\andhelp@=\toks24
\eqnshift@=\dimen142
\alignsep@=\dimen143
\tagshift@=\dimen144
\tagwidth@=\dimen145
\totwidth@=\dimen146
\lineht@=\dimen147
\@envbody=\toks25
\multlinegap=\skip53
\multlinetaggap=\skip54
\mathdisplay@stack=\toks26
LaTeX Info: Redefining \[ on input line 2953.
LaTeX Info: Redefining \] on input line 2954.
)
(c:/texlive/2022/texmf-dist/tex/latex/amsfonts/amssymb.sty
Package: amssymb 2013/01/14 v3.01 AMS font symbols

(c:/texlive/2022/texmf-dist/tex/latex/amsfonts/amsfonts.sty
Package: amsfonts 2013/01/14 v3.01 Basic AMSFonts support
\symAMSa=\mathgroup4
\symAMSb=\mathgroup5
LaTeX Font Info:    Redeclaring math symbol \hbar on input line 98.
LaTeX Font Info:    Overwriting math alphabet `\mathfrak' in version `bold'
(Font)                  U/euf/m/n --> U/euf/b/n on input line 106.
))
(c:/texlive/2022/texmf-dist/tex/latex/jknapltx/mathrsfs.sty
Package: mathrsfs 1996/01/01 Math RSFS package v1.0 (jk)
\symrsfs=\mathgroup6
)
(c:/texlive/2022/texmf-dist/tex/latex/geometry/geometry.sty
Package: geometry 2020/01/02 v5.9 Page Geometry

(c:/texlive/2022/texmf-dist/tex/latex/graphics/keyval.sty
Package: keyval 2022/05/29 v1.15 key=value parser (DPC)
\KV@toks@=\toks27
)
(c:/texlive/2022/texmf-dist/tex/generic/iftex/ifvtex.sty
Package: ifvtex 2019/10/25 v1.7 ifvtex legacy package. Use iftex instead.

(c:/texlive/2022/texmf-dist/tex/generic/iftex/iftex.sty
Package: iftex 2022/02/03 v1.0f TeX engine tests
))
\Gm@cnth=\count272
\Gm@cntv=\count273
\c@Gm@tempcnt=\count274
\Gm@bindingoffset=\dimen148
\Gm@wd@mp=\dimen149
\Gm@odd@mp=\dimen150
\Gm@even@mp=\dimen151
\Gm@layoutwidth=\dimen152
\Gm@layoutheight=\dimen153
\Gm@layouthoffset=\dimen154
\Gm@layoutvoffset=\dimen155
\Gm@dimlist=\toks28
)
(c:/texlive/2022/texmf-dist/tex/latex/graphics/graphicx.sty
Package: graphicx 2021/09/16 v1.2d Enhanced LaTeX Graphics (DPC,SPQR)

(c:/texlive/2022/texmf-dist/tex/latex/graphics/graphics.sty
Package: graphics 2022/03/10 v1.4e Standard LaTeX Graphics (DPC,SPQR)

(c:/texlive/2022/texmf-dist/tex/latex/graphics/trig.sty
Package: trig 2021/08/11 v1.11 sin cos tan (DPC)
)
(c:/texlive/2022/texmf-dist/tex/latex/graphics-cfg/graphics.cfg
File: graphics.cfg 2016/06/04 v1.11 sample graphics configuration
)
Package graphics Info: Driver file: pdftex.def on input line 107.

(c:/texlive/2022/texmf-dist/tex/latex/graphics-def/pdftex.def
File: pdftex.def 2022/09/22 v1.2b Graphics/color driver for pdftex
\stockwidth=\dimen156
\stockheight=\dimen157
))
\Gin@req@height=\dimen158
\Gin@req@width=\dimen159
)
(c:/texlive/2022/texmf-dist/tex/latex/cjk-ko/kotex.sty
Package: kotex 2015/04/19 v1.6 Korean TeX (ko.TeX)

(c:/texlive/2022/texmf-dist/tex/latex/kotex-utf/kotex.cfg)
(c:/texlive/2022/texmf-dist/tex/latex/kotex-utf/kotexutf.sty
Package: kotexutf 2022/06/22 v3.0.0 typesetting UTF-8 Korean documents

(c:/texlive/2022/texmf-dist/tex/latex/base/inputenc.sty
Package: inputenc 2021/02/14 v1.3d Input encoding file
\inpenc@prehook=\toks29
\inpenc@posthook=\toks30
)
(c:/texlive/2022/texmf-dist/tex/plain/kotex-plain/kotexutf-core.tex
\unih@ngulpoint=\count275
\dhucs@emph@raise=\dimen160
)
Now handling font encoding LUC ...
... processing UTF-8 mapping file for font encoding LUC

(c:/texlive/2022/texmf-dist/tex/latex/kotex-utf/lucenc.dfu
File: lucenc.dfu 2007/09/05 UTF-8 support for dhucs
   defining Unicode char U+00B7 (decimal 183)
   defining Unicode char U+2018 (decimal 8216)
   defining Unicode char U+2019 (decimal 8217)
   defining Unicode char U+201C (decimal 8220)
   defining Unicode char U+201D (decimal 8221)
   defining Unicode char U+3001 (decimal 12289)
   defining Unicode char U+3002 (decimal 12290)
   defining Unicode char U+3008 (decimal 12296)
   defining Unicode char U+3009 (decimal 12297)
   defining Unicode char U+300A (decimal 12298)
   defining Unicode char U+300B (decimal 12299)
   defining Unicode char U+300C (decimal 12300)
   defining Unicode char U+300D (decimal 12301)
   defining Unicode char U+300E (decimal 12302)
   defining Unicode char U+300F (decimal 12303)
   defining Unicode char U+3010 (decimal 12304)
   defining Unicode char U+3011 (decimal 12305)
   defining Unicode char U+3014 (decimal 12308)
   defining Unicode char U+3015 (decimal 12309)
   defining Unicode char U+3016 (decimal 12310)
   defining Unicode char U+3017 (decimal 12311)
   defining Unicode char U+3018 (decimal 12312)
   defining Unicode char U+3019 (decimal 12313)
   defining Unicode char U+301A (decimal 12314)
   defining Unicode char U+301B (decimal 12315)
   defining Unicode char U+FF01 (decimal 65281)
   defining Unicode char U+FF08 (decimal 65288)
   defining Unicode char U+FF09 (decimal 65289)
   defining Unicode char U+FF0C (decimal 65292)
   defining Unicode char U+FF0E (decimal 65294)
   defining Unicode char U+FF1A (decimal 65306)
   defining Unicode char U+FF1B (decimal 65307)
   defining Unicode char U+FF1C (decimal 65308)
   defining Unicode char U+FF1D (decimal 65309)
   defining Unicode char U+FF1E (decimal 65310)
   defining Unicode char U+FF1F (decimal 65311)
   defining Unicode char U+FF3B (decimal 65339)
   defining Unicode char U+FF3D (decimal 65341)
   defining Unicode char U+FF5B (decimal 65371)
   defining Unicode char U+FF5D (decimal 65373)
   defining Unicode char U+FF61 (decimal 65377)
   defining Unicode char U+FF62 (decimal 65378)
   defining Unicode char U+FF63 (decimal 65379)
   defining Unicode char U+FF64 (decimal 65380)
   defining Unicode char U+FF65 (decimal 65381)
)
\@josa=\count276
\josatoks=\toks31

(c:/texlive/2022/texmf-dist/tex/latex/cjk-ko/kolabels-utf.sty
Package: kolabels-utf 2015/03/20 v1.5 UTF-8 Hangul item labels
)))
(c:/texlive/2022/texmf-dist/tex/latex/tools/tabularx.sty
Package: tabularx 2020/01/15 v2.11c `tabularx' package (DPC)

(c:/texlive/2022/texmf-dist/tex/latex/tools/array.sty
Package: array 2022/03/10 v2.5f Tabular extension package (FMi)
\col@sep=\dimen161
\ar@mcellbox=\box53
\extrarowheight=\dimen162
\NC@list=\toks32
\extratabsurround=\skip55
\backup@length=\skip56
\ar@cellbox=\box54
)
\TX@col@width=\dimen163
\TX@old@table=\dimen164
\TX@old@col=\dimen165
\TX@target=\dimen166
\TX@delta=\dimen167
\TX@cols=\count277
\TX@ftn=\toks33
)
(c:/texlive/2022/texmf-dist/tex/latex/tools/verbatim.sty
Package: verbatim 2020-07-07 v1.5u LaTeX2e package for verbatim enhancements
\every@verbatim=\toks34
\verbatim@line=\toks35
\verbatim@in@stream=\read2
)
(c:/texlive/2022/texmf-dist/tex/latex/setspace/setspace.sty
Package: setspace 2011/12/19 v6.7a set line spacing
)
(c:/texlive/2022/texmf-dist/tex/latex/url/url.sty
\Urlmuskip=\muskip17
Package: url 2013/09/16  ver 3.4  Verb mode for urls, etc.
)
(c:/texlive/2022/texmf-dist/tex/latex/xcolor/xcolor.sty
Package: xcolor 2022/06/12 v2.14 LaTeX color extensions (UK)

(c:/texlive/2022/texmf-dist/tex/latex/graphics-cfg/color.cfg
File: color.cfg 2016/01/02 v1.6 sample color configuration
)
Package xcolor Info: Driver file: pdftex.def on input line 227.

(c:/texlive/2022/texmf-dist/tex/latex/colortbl/colortbl.sty
Package: colortbl 2022/06/20 v1.0f Color table columns (DPC)
\everycr=\toks36
\minrowclearance=\skip57
\rownum=\count278
)
(c:/texlive/2022/texmf-dist/tex/latex/graphics/mathcolor.ltx)
Package xcolor Info: Model `cmy' substituted by `cmy0' on input line 1353.
Package xcolor Info: Model `hsb' substituted by `rgb' on input line 1357.
Package xcolor Info: Model `RGB' extended on input line 1369.
Package xcolor Info: Model `HTML' substituted by `rgb' on input line 1371.
Package xcolor Info: Model `Hsb' substituted by `hsb' on input line 1372.
Package xcolor Info: Model `tHsb' substituted by `hsb' on input line 1373.
Package xcolor Info: Model `HSB' substituted by `hsb' on input line 1374.
Package xcolor Info: Model `Gray' substituted by `gray' on input line 1375.
Package xcolor Info: Model `wave' substituted by `hsb' on input line 1376.
)
(c:/texlive/2022/texmf-dist/tex/latex/lipsum/lipsum.sty
(c:/texlive/2022/texmf-dist/tex/latex/l3packages/l3keys2e/l3keys2e.sty
(c:/texlive/2022/texmf-dist/tex/latex/l3kernel/expl3.sty
Package: expl3 2022-09-28 L3 programming layer (loader) 

(c:/texlive/2022/texmf-dist/tex/latex/l3backend/l3backend-pdftex.def
File: l3backend-pdftex.def 2022-09-28 L3 backend support: PDF output (pdfTeX)
\l__color_backend_stack_int=\count279
\l__pdf_internal_box=\box55
))
Package: l3keys2e 2022-06-22 LaTeX2e option processing using LaTeX3 keys
)
Package: lipsum 2021-09-20 v2.7 150 paragraphs of Lorem Ipsum dummy text
\g__lipsum_par_int=\count280
\l__lipsum_a_int=\count281
\l__lipsum_b_int=\count282

(c:/texlive/2022/texmf-dist/tex/latex/lipsum/lipsum.ltd.tex))
(c:/texlive/2022/texmf-dist/tex/latex/ragged2e/ragged2e.sty
Package: ragged2e 2021/12/15 v3.1 ragged2e Package
\CenteringLeftskip=\skip58
\RaggedLeftLeftskip=\skip59
\RaggedRightLeftskip=\skip60
\CenteringRightskip=\skip61
\RaggedLeftRightskip=\skip62
\RaggedRightRightskip=\skip63
\CenteringParfillskip=\skip64
\RaggedLeftParfillskip=\skip65
\RaggedRightParfillskip=\skip66
\JustifyingParfillskip=\skip67
\CenteringParindent=\skip68
\RaggedLeftParindent=\skip69
\RaggedRightParindent=\skip70
\JustifyingParindent=\skip71
)
(c:/texlive/2022/texmf-dist/tex/latex/tools/indentfirst.sty
Package: indentfirst 1995/11/23 v1.03 Indent first paragraph (DPC)
)
\c@theorem=\count283


Package amsthm Warning: Unknown theoremstyle `corollary' on input line 19.

(./main_kor.aux)
\openout1 = `main_kor.aux'.

LaTeX Font Info:    Checking defaults for OML/cmm/m/it on input line 41.
LaTeX Font Info:    ... okay on input line 41.
LaTeX Font Info:    Checking defaults for OMS/cmsy/m/n on input line 41.
LaTeX Font Info:    ... okay on input line 41.
LaTeX Font Info:    Checking defaults for OT1/cmr/m/n on input line 41.
LaTeX Font Info:    ... okay on input line 41.
LaTeX Font Info:    Checking defaults for T1/cmr/m/n on input line 41.
LaTeX Font Info:    ... okay on input line 41.
LaTeX Font Info:    Checking defaults for TS1/cmr/m/n on input line 41.
LaTeX Font Info:    ... okay on input line 41.
LaTeX Font Info:    Checking defaults for OMX/cmex/m/n on input line 41.
LaTeX Font Info:    ... okay on input line 41.
LaTeX Font Info:    Checking defaults for U/cmr/m/n on input line 41.
LaTeX Font Info:    ... okay on input line 41.
LaTeX Font Info:    Checking defaults for LUC/nanummj/m/n on input line 41.
LaTeX Font Info:    Trying to load font information for LUC+nanummj on input li
ne 41.
 (c:/texlive/2022/texmf-dist/tex/latex/nanumtype1/lucnanummj.fd
File: lucnanummj.fd 2013/02/12 v0.1 Nanum Myeongjo font definitions
)
LaTeX Font Info:    ... okay on input line 41.

*geometry* driver: auto-detecting
*geometry* detected driver: pdftex
*geometry* verbose mode - [ preamble ] result:
* driver: pdftex
* paper: b5paper
* layout: <same size as paper>
* layoutoffset:(h,v)=(0.0pt,0.0pt)
* modes: 
* h-part:(L,W,R)=(85.35826pt, 330.05197pt, 85.35826pt)
* v-part:(T,H,B)=(85.35826pt, 540.60237pt, 85.35826pt)
* \paperwidth=500.7685pt
* \paperheight=711.3189pt
* \textwidth=330.05197pt
* \textheight=540.60237pt
* \oddsidemargin=13.08827pt
* \evensidemargin=13.08827pt
* \topmargin=-23.91173pt
* \headheight=12.0pt
* \headsep=25.0pt
* \topskip=11.0pt
* \footskip=30.0pt
* \marginparwidth=59.0pt
* \marginparsep=10.0pt
* \columnsep=10.0pt
* \skip\footins=10.0pt plus 4.0pt minus 2.0pt
* \hoffset=0.0pt
* \voffset=0.0pt
* \mag=1000
* \@twocolumnfalse
* \@twosidefalse
* \@mparswitchfalse
* \@reversemarginfalse
* (1in=72.27pt=25.4mm, 1cm=28.453pt)

(c:/texlive/2022/texmf-dist/tex/context/base/mkii/supp-pdf.mkii
[Loading MPS to PDF converter (version 2006.09.02).]
\scratchcounter=\count284
\scratchdimen=\dimen168
\scratchbox=\box56
\nofMPsegments=\count285
\nofMParguments=\count286
\everyMPshowfont=\toks37
\MPscratchCnt=\count287
\MPscratchDim=\dimen169
\MPnumerator=\count288
\makeMPintoPDFobject=\count289
\everyMPtoPDFconversion=\toks38
) (c:/texlive/2022/texmf-dist/tex/latex/epstopdf-pkg/epstopdf-base.sty
Package: epstopdf-base 2020-01-24 v2.11 Base part for package epstopdf
Package epstopdf-base Info: Redefining graphics rule for `.eps' on input line 4
85.

(c:/texlive/2022/texmf-dist/tex/latex/latexconfig/epstopdf-sys.cfg
File: epstopdf-sys.cfg 2010/07/13 v1.3 Configuration of (r)epstopdf for TeX Liv
e
)) [1

{c:/texlive/2022/texmf-var/fonts/map/pdftex/updmap/pdftex.map}] [2] [3] [4]

Package geometry Warning: `b5paper': not available in `\newgeometry'; skipped.

*geometry* verbose mode - [ newgeometry ] result:
* driver: pdftex
* paper: b5paper
* layout: <same size as paper>
* layoutoffset:(h,v)=(0.0pt,0.0pt)
* modes: 
* h-part:(L,W,R)=(56.9055pt, 386.95749pt, 56.9055pt)
* v-part:(T,H,B)=(85.35826pt, 540.60237pt, 85.35826pt)
* \paperwidth=500.7685pt
* \paperheight=711.3189pt
* \textwidth=386.95749pt
* \textheight=540.60237pt
* \oddsidemargin=-15.36449pt
* \evensidemargin=-15.36449pt
* \topmargin=-23.91173pt
* \headheight=12.0pt
* \headsep=25.0pt
* \topskip=11.0pt
* \footskip=30.0pt
* \marginparwidth=59.0pt
* \marginparsep=10.0pt
* \columnsep=10.0pt
* \skip\footins=10.0pt plus 4.0pt minus 2.0pt
* \hoffset=0.0pt
* \voffset=0.0pt
* \mag=1000
* \@twocolumnfalse
* \@twosidefalse
* \@mparswitchfalse
* \@reversemarginfalse
* (1in=72.27pt=25.4mm, 1cm=28.453pt)

[1

] [2] [3]
LaTeX Font Info:    Trying to load font information for LUC+uhcmj on input line
 173.
 (c:/texlive/2022/texmf-dist/tex/latex/kotex-utf/lucuhcmj.fd
File: lucuhcmj.fd 2013/09/26 UHC Myeongjo font definitions
)
LaTeX Font Info:    Trying to load font information for U+msa on input line 180
.

(c:/texlive/2022/texmf-dist/tex/latex/amsfonts/umsa.fd
File: umsa.fd 2013/01/14 v3.01 AMS symbols A
)
LaTeX Font Info:    Trying to load font information for U+msb on input line 180
.

(c:/texlive/2022/texmf-dist/tex/latex/amsfonts/umsb.fd
File: umsb.fd 2013/01/14 v3.01 AMS symbols B
)
LaTeX Font Info:    Trying to load font information for U+rsfs on input line 18
0.

(c:/texlive/2022/texmf-dist/tex/latex/jknapltx/ursfs.fd
File: ursfs.fd 1998/03/24 rsfs font definition file (jk)
)
Overfull \hbox (25.57965pt too wide) in paragraph at lines 180--181
[]$\OT1/cmtt/m/n/10.95 https : / / www . grad . ubc . ca / sites / default / fi
les / doc / page / thesis _ sample _
 []

[4] [5] (./main_kor.toc [6

])
\tf@toc=\write3
\openout3 = `main_kor.toc'.

 [7] (./main_kor.lot)
\tf@lot=\write4
\openout4 = `main_kor.lot'.

 [8

] (./main_kor.lof)
\tf@lof=\write5
\openout5 = `main_kor.lof'.

 [9

]
[10] [1]
Chapter 1.
LaTeX Font Info:    Trying to load font information for LUC+nanumgt on input li
ne 243.
(c:/texlive/2022/texmf-dist/tex/latex/nanumtype1/lucnanumgt.fd
File: lucnanumgt.fd 2013/02/12 v0.1 Nanum Gothic font definitions
) [1

]
Chapter 2.
[2

] [3]
<kumark.png, id=136, 389.95688pt x 455.45157pt>
File: kumark.png Graphic file (type png)
<use kumark.png>
Package pdftex.def Info: kumark.png  used on input line 321.
(pdftex.def)             Requested size: 77.3903pt x 90.38678pt.
 [4 <./kumark.png>] [5]
Chapter 3.
[6

]
Chapter 4.
[7

] [8

] [9

] [10

] (./main_kor.aux) ) 
Here is how much of TeX's memory you used:
 5449 strings out of 475071
 88242 string characters out of 5782908
 522066 words of memory out of 5000000
 26659 multiletter control sequences out of 15000+600000
 518791 words of font info for 199 fonts, out of 8000000 for 9000
 1141 hyphenation exceptions out of 8191
 72i,14n,77p,417b,336s stack positions out of 10000i,1000n,20000p,200000b,200000s
{c:/texlive/2022/texmf-dist/fonts/enc/dvips/cm-super/cm-sup
er-ts1.enc}<c:/texlive/2022/texmf-dist/fonts/type1/public/amsfonts/cm/cmbx10.pf
b><c:/texlive/2022/texmf-dist/fonts/type1/public/amsfonts/cm/cmbx12.pfb><c:/tex
live/2022/texmf-dist/fonts/type1/public/amsfonts/cm/cmmi10.pfb><c:/texlive/2022
/texmf-dist/fonts/type1/public/amsfonts/cm/cmmi8.pfb><c:/texlive/2022/texmf-dis
t/fonts/type1/public/amsfonts/cm/cmr10.pfb><c:/texlive/2022/texmf-dist/fonts/ty
pe1/public/amsfonts/cm/cmr12.pfb><c:/texlive/2022/texmf-dist/fonts/type1/public
/amsfonts/cm/cmr17.pfb><c:/texlive/2022/texmf-dist/fonts/type1/public/amsfonts/
cm/cmr8.pfb><c:/texlive/2022/texmf-dist/fonts/type1/public/amsfonts/cm/cmsy10.p
fb><c:/texlive/2022/texmf-dist/fonts/type1/public/amsfonts/cm/cmtt10.pfb><c:/te
xlive/2022/texmf-dist/fonts/type1/public/nanumtype1/nanumgtmb8.pfb><c:/texlive/
2022/texmf-dist/fonts/type1/public/nanumtype1/nanumgtmba.pfb><c:/texlive/2022/t
exmf-dist/fonts/type1/public/nanumtype1/nanumgtmc1.pfb><c:/texlive/2022/texmf-d
ist/fonts/type1/public/nanumtype1/nanumgtmc8.pfb><c:/texlive/2022/texmf-dist/fo
nts/type1/public/nanumtype1/nanumgtmd5.pfb><c:/texlive/2022/texmf-dist/fonts/ty
pe1/public/nanumtype1/nanummjbac.pfb><c:/texlive/2022/texmf-dist/fonts/type1/pu
blic/nanumtype1/nanummjbad.pfb><c:/texlive/2022/texmf-dist/fonts/type1/public/n
anumtype1/nanummjbae.pfb><c:/texlive/2022/texmf-dist/fonts/type1/public/nanumty
pe1/nanummjbb1.pfb><c:/texlive/2022/texmf-dist/fonts/type1/public/nanumtype1/na
nummjbb8.pfb><c:/texlive/2022/texmf-dist/fonts/type1/public/nanumtype1/nanummjb
b9.pfb><c:/texlive/2022/texmf-dist/fonts/type1/public/nanumtype1/nanummjbba.pfb
><c:/texlive/2022/texmf-dist/fonts/type1/public/nanumtype1/nanummjbbb.pfb><c:/t
exlive/2022/texmf-dist/fonts/type1/public/nanumtype1/nanummjbbc.pfb><c:/texlive
/2022/texmf-dist/fonts/type1/public/nanumtype1/nanummjbbd.pfb><c:/texlive/2022/
texmf-dist/fonts/type1/public/nanumtype1/nanummjbc0.pfb><c:/texlive/2022/texmf-
dist/fonts/type1/public/nanumtype1/nanummjbc1.pfb><c:/texlive/2022/texmf-dist/f
onts/type1/public/nanumtype1/nanummjbc2.pfb><c:/texlive/2022/texmf-dist/fonts/t
ype1/public/nanumtype1/nanummjbc5.pfb><c:/texlive/2022/texmf-dist/fonts/type1/p
ublic/nanumtype1/nanummjbc6.pfb><c:/texlive/2022/texmf-dist/fonts/type1/public/
nanumtype1/nanummjbc7.pfb><c:/texlive/2022/texmf-dist/fonts/type1/public/nanumt
ype1/nanummjbc8.pfb><c:/texlive/2022/texmf-dist/fonts/type1/public/nanumtype1/n
anummjbc9.pfb><c:/texlive/2022/texmf-dist/fonts/type1/public/nanumtype1/nanummj
bcc.pfb><c:/texlive/2022/texmf-dist/fonts/type1/public/nanumtype1/nanummjbcd.pf
b><c:/texlive/2022/texmf-dist/fonts/type1/public/nanumtype1/nanummjbd0.pfb><c:/
texlive/2022/texmf-dist/fonts/type1/public/nanumtype1/nanummjbd3.pfb><c:/texliv
e/2022/texmf-dist/fonts/type1/public/nanumtype1/nanummjbd4.pfb><c:/texlive/2022
/texmf-dist/fonts/type1/public/nanumtype1/nanummjbd5.pfb><c:/texlive/2022/texmf
-dist/fonts/type1/public/nanumtype1/nanummjmac.pfb><c:/texlive/2022/texmf-dist/
fonts/type1/public/nanumtype1/nanummjmad.pfb><c:/texlive/2022/texmf-dist/fonts/
type1/public/nanumtype1/nanummjmae.pfb><c:/texlive/2022/texmf-dist/fonts/type1/
public/nanumtype1/nanummjmaf.pfb><c:/texlive/2022/texmf-dist/fonts/type1/public
/nanumtype1/nanummjmb0.pfb><c:/texlive/2022/texmf-dist/fonts/type1/public/nanum
type1/nanummjmb1.pfb><c:/texlive/2022/texmf-dist/fonts/type1/public/nanumtype1/
nanummjmb2.pfb><c:/texlive/2022/texmf-dist/fonts/type1/public/nanumtype1/nanumm
jmb3.pfb><c:/texlive/2022/texmf-dist/fonts/type1/public/nanumtype1/nanummjmb4.p
fb><c:/texlive/2022/texmf-dist/fonts/type1/public/nanumtype1/nanummjmb5.pfb><c:
/texlive/2022/texmf-dist/fonts/type1/public/nanumtype1/nanummjmb6.pfb><c:/texli
ve/2022/texmf-dist/fonts/type1/public/nanumtype1/nanummjmb7.pfb><c:/texlive/202
2/texmf-dist/fonts/type1/public/nanumtype1/nanummjmb8.pfb><c:/texlive/2022/texm
f-dist/fonts/type1/public/nanumtype1/nanummjmb9.pfb><c:/texlive/2022/texmf-dist
/fonts/type1/public/nanumtype1/nanummjmba.pfb><c:/texlive/2022/texmf-dist/fonts
/type1/public/nanumtype1/nanummjmbb.pfb><c:/texlive/2022/texmf-dist/fonts/type1
/public/nanumtype1/nanummjmbc.pfb><c:/texlive/2022/texmf-dist/fonts/type1/publi
c/nanumtype1/nanummjmbd.pfb><c:/texlive/2022/texmf-dist/fonts/type1/public/nanu
mtype1/nanummjmbe.pfb><c:/texlive/2022/texmf-dist/fonts/type1/public/nanumtype1
/nanummjmbf.pfb><c:/texlive/2022/texmf-dist/fonts/type1/public/nanumtype1/nanum
mjmc0.pfb><c:/texlive/2022/texmf-dist/fonts/type1/public/nanumtype1/nanummjmc1.
pfb><c:/texlive/2022/texmf-dist/fonts/type1/public/nanumtype1/nanummjmc2.pfb><c
:/texlive/2022/texmf-dist/fonts/type1/public/nanumtype1/nanummjmc5.pfb><c:/texl
ive/2022/texmf-dist/fonts/type1/public/nanumtype1/nanummjmc6.pfb><c:/texlive/20
22/texmf-dist/fonts/type1/public/nanumtype1/nanummjmc7.pfb><c:/texlive/2022/tex
mf-dist/fonts/type1/public/nanumtype1/nanummjmc8.pfb><c:/texlive/2022/texmf-dis
t/fonts/type1/public/nanumtype1/nanummjmc9.pfb><c:/texlive/2022/texmf-dist/font
s/type1/public/nanumtype1/nanummjmca.pfb><c:/texlive/2022/texmf-dist/fonts/type
1/public/nanumtype1/nanummjmcc.pfb><c:/texlive/2022/texmf-dist/fonts/type1/publ
ic/nanumtype1/nanummjmcd.pfb><c:/texlive/2022/texmf-dist/fonts/type1/public/nan
umtype1/nanummjmce.pfb><c:/texlive/2022/texmf-dist/fonts/type1/public/nanumtype
1/nanummjmd0.pfb><c:/texlive/2022/texmf-dist/fonts/type1/public/nanumtype1/nanu
mmjmd1.pfb><c:/texlive/2022/texmf-dist/fonts/type1/public/nanumtype1/nanummjmd2
.pfb><c:/texlive/2022/texmf-dist/fonts/type1/public/nanumtype1/nanummjmd3.pfb><
c:/texlive/2022/texmf-dist/fonts/type1/public/nanumtype1/nanummjmd4.pfb><c:/tex
live/2022/texmf-dist/fonts/type1/public/nanumtype1/nanummjmd5.pfb><c:/texlive/2
022/texmf-dist/fonts/type1/public/nanumtype1/nanummjmd6.pfb><c:/texlive/2022/te
xmf-dist/fonts/type1/public/cm-super/sfrm1095.pfb><c:/texlive/2022/texmf-dist/f
onts/type1/uhc/umj/umj03.pfb>
Output written on main_kor.pdf (25 pages, 3002421 bytes).
PDF statistics:
 491 PDF objects out of 1000 (max. 8388607)
 299 compressed objects within 3 object streams
 0 named destinations out of 1000 (max. 500000)
 6 words of extra memory for PDF output out of 10000 (max. 10000000)

